2023-05-12 19:18:04,214 CRITICAL config_server_log.py Критическая ошибка
2023-05-12 19:18:04,214 ERROR config_server_log.py Ошибка
2023-05-12 19:18:04,214 DEBUG config_server_log.py Отладочная информация
2023-05-12 19:18:04,214 INFO config_server_log.py Информационное сообщение
2023-05-12 19:18:14,726 DEBUG decos.py Была вызвана функция create_arg_parser c параметрами (), {}. Вызов из модуля __main__. Вызов из функции main().Вызов из функции main
2023-05-12 19:18:14,727 INFO server.py Запущен сервер, порт для подключений: 7777, адрес, с которого принимаются подключения: . Если адрес не указан, принимаются соединения с любых адресов.
2023-05-12 19:18:50,169 DEBUG decos.py Была вызвана функция create_arg_parser c параметрами (), {}. Вызов из модуля __main__. Вызов из функции main().Вызов из функции main
2023-05-12 19:18:50,169 INFO server.py Запущен сервер, порт для подключений: 7777, адрес, с которого принимаются подключения: . Если адрес не указан, принимаются соединения с любых адресов.
2023-05-12 19:19:03,282 DEBUG decos.py Была вызвана функция create_arg_parser c параметрами (), {}. Вызов из модуля __main__. Вызов из функции main().Вызов из функции main
2023-05-12 19:19:03,282 INFO server.py Запущен сервер, порт для подключений: 7777, адрес, с которого принимаются подключения: . Если адрес не указан, принимаются соединения с любых адресов.
2023-05-12 19:19:21,322 CRITICAL config_server_log.py Критическая ошибка
2023-05-12 19:19:21,322 ERROR config_server_log.py Ошибка
2023-05-12 19:19:21,323 DEBUG config_server_log.py Отладочная информация
2023-05-12 19:19:21,323 INFO config_server_log.py Информационное сообщение
2023-05-12 19:19:40,007 DEBUG decos.py Была вызвана функция create_arg_parser c параметрами (), {}. Вызов из модуля __main__. Вызов из функции main().Вызов из функции main
2023-05-12 19:19:40,007 INFO server.py Запущен сервер, порт для подключений: 7777, адрес, с которого принимаются подключения: . Если адрес не указан, принимаются соединения с любых адресов.
2023-05-12 19:19:57,358 DEBUG decos.py Была вызвана функция create_arg_parser c параметрами (), {}. Вызов из модуля __main__. Вызов из функции main().Вызов из функции main
2023-05-12 19:19:57,358 INFO server.py Запущен сервер, порт для подключений: 7777, адрес, с которого принимаются подключения: . Если адрес не указан, принимаются соединения с любых адресов.
2023-05-12 19:21:09,300 DEBUG decos.py Была вызвана функция create_arg_parser c параметрами (), {}. Вызов из модуля __main__. Вызов из функции main().Вызов из функции main
2023-05-12 19:21:09,300 INFO server.py Запущен сервер, порт для подключений: 7777, адрес, с которого принимаются подключения: . Если адрес не указан, принимаются соединения с любых адресов.
2023-05-12 19:22:10,916 DEBUG decos.py Была вызвана функция create_arg_parser c параметрами (), {}. Вызов из модуля __main__. Вызов из функции main().Вызов из функции main
2023-05-12 19:22:10,916 INFO server.py Запущен сервер, порт для подключений: 7777, адрес, с которого принимаются подключения: . Если адрес не указан, принимаются соединения с любых адресов.
2023-05-12 19:22:17,636 DEBUG decos.py Была вызвана функция create_arg_parser c параметрами (), {}. Вызов из модуля __main__. Вызов из функции main().Вызов из функции main
2023-05-12 19:22:46,734 DEBUG decos.py Была вызвана функция create_arg_parser c параметрами (), {}. Вызов из модуля __main__. Вызов из функции main().Вызов из функции main
2023-05-12 19:22:46,735 INFO server.py Запущен сервер, порт для подключений: 7777, адрес, с которого принимаются подключения: . Если адрес не указан, принимаются соединения с любых адресов.
2023-05-12 19:22:58,785 DEBUG decos.py Была вызвана функция create_arg_parser c параметрами (), {}. Вызов из модуля __main__. Вызов из функции main().Вызов из функции main
2023-05-12 19:22:58,785 INFO server.py Запущен сервер, порт для подключений: 7777, адрес, с которого принимаются подключения: . Если адрес не указан, принимаются соединения с любых адресов.
2023-05-12 19:24:28,060 DEBUG decos.py Была вызвана функция create_arg_parser c параметрами (), {}. Вызов из модуля __main__. Вызов из функции print(main()).Вызов из функции main
2023-05-12 19:24:28,060 INFO server.py Запущен сервер, порт для подключений: 7777, адрес, с которого принимаются подключения: . Если адрес не указан, принимаются соединения с любых адресов.
2023-05-12 19:24:34,042 DEBUG decos.py Была вызвана функция create_arg_parser c параметрами (), {}. Вызов из модуля __main__. Вызов из функции main().Вызов из функции main
2023-05-12 19:24:34,043 INFO server.py Запущен сервер, порт для подключений: 7777, адрес, с которого принимаются подключения: . Если адрес не указан, принимаются соединения с любых адресов.
2023-05-12 19:25:24,767 DEBUG decos.py Была вызвана функция create_arg_parser c параметрами (), {}. Вызов из модуля __main__. Вызов из функции main().Вызов из функции main
2023-05-12 19:25:24,767 INFO server.py Запущен сервер, порт для подключений: 7777, адрес, с которого принимаются подключения: . Если адрес не указан, принимаются соединения с любых адресов.
