2023-05-12 19:32:36,949 CRITICAL config_server_log.py Критическая ошибка
2023-05-12 19:32:36,949 ERROR config_server_log.py Ошибка
2023-05-12 19:32:36,949 DEBUG config_server_log.py Отладочная информация
2023-05-12 19:32:36,949 INFO config_server_log.py Информационное сообщение
2023-05-12 19:32:54,456 DEBUG decos.py Была вызвана функция arg_parser c параметрами (), {}. Вызов из модуля __main__
2023-05-12 19:32:54,456 INFO server.py Запущен сервер, порт для подключений: 7777, адрес с которого принимаются подключения: . Если адрес не указан, принимаются соединения с любых адресов.
2023-05-12 19:33:53,231 DEBUG decos.py Была вызвана функция arg_parser c параметрами (), {}. Вызов из модуля __main__
2023-05-12 19:33:53,232 INFO server.py Запущен сервер, порт для подключений: 7777, адрес с которого принимаются подключения: . Если адрес не указан, принимаются соединения с любых адресов.
2023-05-12 19:34:07,717 DEBUG decos.py Была вызвана функция arg_parser c параметрами (), {}. Вызов из модуля __main__
2023-05-12 19:34:07,717 INFO server.py Запущен сервер, порт для подключений: 7777, адрес с которого принимаются подключения: . Если адрес не указан, принимаются соединения с любых адресов.
2023-05-12 19:36:53,239 CRITICAL config_server_log.py Критическая ошибка
2023-05-12 19:36:53,239 ERROR config_server_log.py Ошибка
2023-05-12 19:36:53,239 DEBUG config_server_log.py Отладочная информация
2023-05-12 19:36:53,239 INFO config_server_log.py Информационное сообщение
2023-05-12 19:37:14,032 DEBUG decos.py Была вызвана функция arg_parser c параметрами (), {}. Вызов из модуля __main__
2023-05-12 19:37:14,032 INFO server.py Запущен сервер, порт для подключений: 7777, адрес с которого принимаются подключения: . Если адрес не указан, принимаются соединения с любых адресов.
2023-05-12 19:37:41,798 DEBUG decos.py Была вызвана функция arg_parser c параметрами (), {}. Вызов из модуля __main__
2023-05-12 19:37:41,798 INFO server.py Запущен сервер, порт для подключений: 7777, адрес с которого принимаются подключения: . Если адрес не указан, принимаются соединения с любых адресов.
2023-05-12 19:38:16,245 DEBUG decos.py Была вызвана функция arg_parser c параметрами (), {}. Вызов из модуля __main__
2023-05-12 19:38:16,245 INFO server.py Запущен сервер, порт для подключений: 7777, адрес с которого принимаются подключения: . Если адрес не указан, принимаются соединения с любых адресов.
2023-05-12 19:39:00,464 DEBUG decos.py Была вызвана функция arg_parser c параметрами (), {}. Вызов из модуля __main__
2023-05-12 19:39:00,464 INFO server.py Запущен сервер, порт для подключений: 7777, адрес с которого принимаются подключения: . Если адрес не указан, принимаются соединения с любых адресов.
2023-05-12 19:39:25,254 DEBUG decos.py Была вызвана функция arg_parser c параметрами (), {}. Вызов из модуля __main__
2023-05-12 19:39:25,254 INFO server.py Запущен сервер, порт для подключений: 7777, адрес с которого принимаются подключения: . Если адрес не указан, принимаются соединения с любых адресов.
2023-05-12 19:39:40,828 DEBUG decos.py Была вызвана функция arg_parser c параметрами (), {}. Вызов из модуля __main__
2023-05-12 19:39:40,829 INFO server.py Запущен сервер, порт для подключений: 7777, адрес с которого принимаются подключения: . Если адрес не указан, принимаются соединения с любых адресов.
2023-05-12 19:40:08,525 DEBUG decos.py Была вызвана функция get_message c параметрами (<test_utils.TestSocket object at 0x7f0bcb45c160>,), {}. Вызов из модуля common.utils
2023-05-12 19:40:08,525 DEBUG decos.py Была вызвана функция get_message c параметрами (<test_utils.TestSocket object at 0x7f0bcb45c0a0>,), {}. Вызов из модуля common.utils
2023-05-12 19:40:08,526 DEBUG decos.py Была вызвана функция send_message c параметрами (<test_utils.TestSocket object at 0x7f0bcb45c1f0>, {'action': 'presence', 'time': 111111.111111, 'user': {'account_name': 'test_test'}}), {}. Вызов из модуля common.utils
